CRITICAL - 2021-05-30 14:17:06 -->  route cannot be found while reverse-routing.
#0 /Volumes/DATA/github/WebTokenTemp/system/HTTP/RedirectResponse.php(64): CodeIgniter\HTTP\Exceptions\HTTPException::forInvalidRedirectRoute('')
#1 /Volumes/DATA/github/WebTokenTemp/system/Common.php(951): CodeIgniter\HTTP\RedirectResponse->route(false)
#2 /Volumes/DATA/github/WebTokenTemp/app/Controllers/Admin/Webjson.php(13): redirect('admin/webjson?l...')
#3 [internal function]: App\Controllers\Admin\Webjson->index()
#4 /Volumes/DATA/github/WebTokenTemp/app/Controllers/Admin/AdminController.php(92): call_user_func_array(Array, Array)
#5 /Volumes/DATA/github/WebTokenTemp/system/CodeIgniter.php(927): App\Controllers\Admin\AdminController->_remap('index')
#6 /Volumes/DATA/github/WebTokenTemp/system/CodeIgniter.php(439): CodeIgniter\CodeIgniter->runController(Object(App\Controllers\Admin\Webjson))
#7 /Volumes/DATA/github/WebTokenTemp/system/CodeIgniter.php(339): CodeIgniter\CodeIgniter->handleRequest(NULL, Object(Config\Cache), false)
#8 /Volumes/DATA/github/WebTokenTemp/index.php(37): CodeIgniter\CodeIgniter->run()
#9 {main}
CRITICAL - 2021-05-30 14:17:08 -->  route cannot be found while reverse-routing.
#0 /Volumes/DATA/github/WebTokenTemp/system/HTTP/RedirectResponse.php(64): CodeIgniter\HTTP\Exceptions\HTTPException::forInvalidRedirectRoute('')
#1 /Volumes/DATA/github/WebTokenTemp/system/Common.php(951): CodeIgniter\HTTP\RedirectResponse->route(false)
#2 /Volumes/DATA/github/WebTokenTemp/app/Controllers/Admin/Webjson.php(13): redirect('admin/webjson?l...')
#3 [internal function]: App\Controllers\Admin\Webjson->index()
#4 /Volumes/DATA/github/WebTokenTemp/app/Controllers/Admin/AdminController.php(92): call_user_func_array(Array, Array)
#5 /Volumes/DATA/github/WebTokenTemp/system/CodeIgniter.php(927): App\Controllers\Admin\AdminController->_remap('index')
#6 /Volumes/DATA/github/WebTokenTemp/system/CodeIgniter.php(439): CodeIgniter\CodeIgniter->runController(Object(App\Controllers\Admin\Webjson))
#7 /Volumes/DATA/github/WebTokenTemp/system/CodeIgniter.php(339): CodeIgniter\CodeIgniter->handleRequest(NULL, Object(Config\Cache), false)
#8 /Volumes/DATA/github/WebTokenTemp/index.php(37): CodeIgniter\CodeIgniter->run()
#9 {main}
