CRITICAL - 2021-05-29 07:28:35 --> htmlentities() expects parameter 1 to be string, object given
#0 [internal function]: CodeIgniter\Debug\Exceptions->errorHandler(2, 'htmlentities() ...', '/Volumes/DATA/g...', 11, Array)
#1 /Volumes/DATA/github/WebTokenTemp/templates/admin/settings/index.php(11): htmlentities(Object(stdClass))
#2 /Volumes/DATA/github/WebTokenTemp/system/View/View.php(230): include('/Volumes/DATA/g...')
#3 /Volumes/DATA/github/WebTokenTemp/system/View/View.php(232): CodeIgniter\View\View->CodeIgniter\View\{closure}()
#4 /Volumes/DATA/github/WebTokenTemp/system/Common.php(1250): CodeIgniter\View\View->render('admin/settings/...', Array, true)
#5 /Volumes/DATA/github/WebTokenTemp/app/Controllers/Admin/AdminController.php(103): view('admin/settings/...', Array)
#6 /Volumes/DATA/github/WebTokenTemp/system/CodeIgniter.php(927): App\Controllers\Admin\AdminController->_remap('index')
#7 /Volumes/DATA/github/WebTokenTemp/system/CodeIgniter.php(439): CodeIgniter\CodeIgniter->runController(Object(App\Controllers\Admin\Settings))
#8 /Volumes/DATA/github/WebTokenTemp/system/CodeIgniter.php(339): CodeIgniter\CodeIgniter->handleRequest(NULL, Object(Config\Cache), false)
#9 /Volumes/DATA/github/WebTokenTemp/index.php(37): CodeIgniter\CodeIgniter->run()
#10 {main}
CRITICAL - 2021-05-29 07:31:53 --> Invalid argument supplied for foreach()
#0 /Volumes/DATA/github/WebTokenTemp/templates/admin/settings/index.php(7): CodeIgniter\Debug\Exceptions->errorHandler(2, 'Invalid argumen...', '/Volumes/DATA/g...', 7, Array)
#1 /Volumes/DATA/github/WebTokenTemp/system/View/View.php(230): include('/Volumes/DATA/g...')
#2 /Volumes/DATA/github/WebTokenTemp/system/View/View.php(232): CodeIgniter\View\View->CodeIgniter\View\{closure}()
#3 /Volumes/DATA/github/WebTokenTemp/system/Common.php(1250): CodeIgniter\View\View->render('admin/settings/...', Array, true)
#4 /Volumes/DATA/github/WebTokenTemp/app/Controllers/Admin/AdminController.php(103): view('admin/settings/...', Array)
#5 /Volumes/DATA/github/WebTokenTemp/system/CodeIgniter.php(927): App\Controllers\Admin\AdminController->_remap('index')
#6 /Volumes/DATA/github/WebTokenTemp/system/CodeIgniter.php(439): CodeIgniter\CodeIgniter->runController(Object(App\Controllers\Admin\Settings))
#7 /Volumes/DATA/github/WebTokenTemp/system/CodeIgniter.php(339): CodeIgniter\CodeIgniter->handleRequest(NULL, Object(Config\Cache), false)
#8 /Volumes/DATA/github/WebTokenTemp/index.php(37): CodeIgniter\CodeIgniter->run()
#9 {main}
CRITICAL - 2021-05-29 07:31:54 --> Invalid argument supplied for foreach()
#0 /Volumes/DATA/github/WebTokenTemp/templates/admin/settings/index.php(7): CodeIgniter\Debug\Exceptions->errorHandler(2, 'Invalid argumen...', '/Volumes/DATA/g...', 7, Array)
#1 /Volumes/DATA/github/WebTokenTemp/system/View/View.php(230): include('/Volumes/DATA/g...')
#2 /Volumes/DATA/github/WebTokenTemp/system/View/View.php(232): CodeIgniter\View\View->CodeIgniter\View\{closure}()
#3 /Volumes/DATA/github/WebTokenTemp/system/Common.php(1250): CodeIgniter\View\View->render('admin/settings/...', Array, true)
#4 /Volumes/DATA/github/WebTokenTemp/app/Controllers/Admin/AdminController.php(103): view('admin/settings/...', Array)
#5 /Volumes/DATA/github/WebTokenTemp/system/CodeIgniter.php(927): App\Controllers\Admin\AdminController->_remap('index')
#6 /Volumes/DATA/github/WebTokenTemp/system/CodeIgniter.php(439): CodeIgniter\CodeIgniter->runController(Object(App\Controllers\Admin\Settings))
#7 /Volumes/DATA/github/WebTokenTemp/system/CodeIgniter.php(339): CodeIgniter\CodeIgniter->handleRequest(NULL, Object(Config\Cache), false)
#8 /Volumes/DATA/github/WebTokenTemp/index.php(37): CodeIgniter\CodeIgniter->run()
#9 {main}
CRITICAL - 2021-05-29 07:33:04 --> Invalid argument supplied for foreach()
#0 /Volumes/DATA/github/WebTokenTemp/templates/admin/settings/index.php(7): CodeIgniter\Debug\Exceptions->errorHandler(2, 'Invalid argumen...', '/Volumes/DATA/g...', 7, Array)
#1 /Volumes/DATA/github/WebTokenTemp/system/View/View.php(230): include('/Volumes/DATA/g...')
#2 /Volumes/DATA/github/WebTokenTemp/system/View/View.php(232): CodeIgniter\View\View->CodeIgniter\View\{closure}()
#3 /Volumes/DATA/github/WebTokenTemp/system/Common.php(1250): CodeIgniter\View\View->render('admin/settings/...', Array, true)
#4 /Volumes/DATA/github/WebTokenTemp/app/Controllers/Admin/AdminController.php(103): view('admin/settings/...', Array)
#5 /Volumes/DATA/github/WebTokenTemp/system/CodeIgniter.php(927): App\Controllers\Admin\AdminController->_remap('index')
#6 /Volumes/DATA/github/WebTokenTemp/system/CodeIgniter.php(439): CodeIgniter\CodeIgniter->runController(Object(App\Controllers\Admin\Settings))
#7 /Volumes/DATA/github/WebTokenTemp/system/CodeIgniter.php(339): CodeIgniter\CodeIgniter->handleRequest(NULL, Object(Config\Cache), false)
#8 /Volumes/DATA/github/WebTokenTemp/index.php(37): CodeIgniter\CodeIgniter->run()
#9 {main}
CRITICAL - 2021-05-29 07:33:37 --> Invalid argument supplied for foreach()
#0 /Volumes/DATA/github/WebTokenTemp/templates/admin/settings/index.php(10): CodeIgniter\Debug\Exceptions->errorHandler(2, 'Invalid argumen...', '/Volumes/DATA/g...', 10, Array)
#1 /Volumes/DATA/github/WebTokenTemp/system/View/View.php(230): include('/Volumes/DATA/g...')
#2 /Volumes/DATA/github/WebTokenTemp/system/View/View.php(232): CodeIgniter\View\View->CodeIgniter\View\{closure}()
#3 /Volumes/DATA/github/WebTokenTemp/system/Common.php(1250): CodeIgniter\View\View->render('admin/settings/...', Array, true)
#4 /Volumes/DATA/github/WebTokenTemp/app/Controllers/Admin/AdminController.php(103): view('admin/settings/...', Array)
#5 /Volumes/DATA/github/WebTokenTemp/system/CodeIgniter.php(927): App\Controllers\Admin\AdminController->_remap('index')
#6 /Volumes/DATA/github/WebTokenTemp/system/CodeIgniter.php(439): CodeIgniter\CodeIgniter->runController(Object(App\Controllers\Admin\Settings))
#7 /Volumes/DATA/github/WebTokenTemp/system/CodeIgniter.php(339): CodeIgniter\CodeIgniter->handleRequest(NULL, Object(Config\Cache), false)
#8 /Volumes/DATA/github/WebTokenTemp/index.php(37): CodeIgniter\CodeIgniter->run()
#9 {main}
CRITICAL - 2021-05-29 08:07:14 --> Invalid argument supplied for foreach()
#0 /Volumes/DATA/github/WebTokenTemp/templates/admin/settings/index.php(77): CodeIgniter\Debug\Exceptions->errorHandler(2, 'Invalid argumen...', '/Volumes/DATA/g...', 77, Array)
#1 /Volumes/DATA/github/WebTokenTemp/system/View/View.php(230): include('/Volumes/DATA/g...')
#2 /Volumes/DATA/github/WebTokenTemp/system/View/View.php(232): CodeIgniter\View\View->CodeIgniter\View\{closure}()
#3 /Volumes/DATA/github/WebTokenTemp/system/Common.php(1250): CodeIgniter\View\View->render('admin/settings/...', Array, true)
#4 /Volumes/DATA/github/WebTokenTemp/app/Controllers/Admin/AdminController.php(103): view('admin/settings/...', Array)
#5 /Volumes/DATA/github/WebTokenTemp/system/CodeIgniter.php(927): App\Controllers\Admin\AdminController->_remap('index')
#6 /Volumes/DATA/github/WebTokenTemp/system/CodeIgniter.php(439): CodeIgniter\CodeIgniter->runController(Object(App\Controllers\Admin\Settings))
#7 /Volumes/DATA/github/WebTokenTemp/system/CodeIgniter.php(339): CodeIgniter\CodeIgniter->handleRequest(NULL, Object(Config\Cache), false)
#8 /Volumes/DATA/github/WebTokenTemp/index.php(37): CodeIgniter\CodeIgniter->run()
#9 {main}
CRITICAL - 2021-05-29 08:07:55 --> Invalid argument supplied for foreach()
#0 /Volumes/DATA/github/WebTokenTemp/templates/admin/settings/index.php(77): CodeIgniter\Debug\Exceptions->errorHandler(2, 'Invalid argumen...', '/Volumes/DATA/g...', 77, Array)
#1 /Volumes/DATA/github/WebTokenTemp/system/View/View.php(230): include('/Volumes/DATA/g...')
#2 /Volumes/DATA/github/WebTokenTemp/system/View/View.php(232): CodeIgniter\View\View->CodeIgniter\View\{closure}()
#3 /Volumes/DATA/github/WebTokenTemp/system/Common.php(1250): CodeIgniter\View\View->render('admin/settings/...', Array, true)
#4 /Volumes/DATA/github/WebTokenTemp/app/Controllers/Admin/AdminController.php(103): view('admin/settings/...', Array)
#5 /Volumes/DATA/github/WebTokenTemp/system/CodeIgniter.php(927): App\Controllers\Admin\AdminController->_remap('index')
#6 /Volumes/DATA/github/WebTokenTemp/system/CodeIgniter.php(439): CodeIgniter\CodeIgniter->runController(Object(App\Controllers\Admin\Settings))
#7 /Volumes/DATA/github/WebTokenTemp/system/CodeIgniter.php(339): CodeIgniter\CodeIgniter->handleRequest(NULL, Object(Config\Cache), false)
#8 /Volumes/DATA/github/WebTokenTemp/index.php(37): CodeIgniter\CodeIgniter->run()
#9 {main}
